Analysis & Synthesis report for register
Thu Jun  6 17:08:03 2024
Quartus Prime Version 23.1std.0 Build 991 11/28/2023 SC Lite Edition


---------------------
; Table of Contents ;
---------------------
  1. Legal Notice
  2. Analysis & Synthesis Summary
  3. Analysis & Synthesis Settings
  4. Parallel Compilation
  5. Analysis & Synthesis Source Files Read
  6. Analysis & Synthesis Resource Usage Summary
  7. Analysis & Synthesis Resource Utilization by Entity
  8. State Machine - |register|state
  9. User-Specified and Inferred Latches
 10. Registers Removed During Synthesis
 11. General Register Statistics
 12. Inverted Register Statistics
 13. Parameter Settings for User Entity Instance: Top-level Entity: |register
 14. Post-Synthesis Netlist Statistics for Top Partition
 15. Elapsed Time Per Partition
 16. Analysis & Synthesis Messages



----------------
; Legal Notice ;
----------------
Copyright (C) 2023  Intel Corporation. All rights reserved.
Your use of Intel Corporation's design tools, logic functions 
and other software and tools, and any partner logic 
functions, and any output files from any of the foregoing 
(including device programming or simulation files), and any 
associated documentation or information are expressly subject 
to the terms and conditions of the Intel Program License 
Subscription Agreement, the Intel Quartus Prime License Agreement,
the Intel FPGA IP License Agreement, or other applicable license
agreement, including, without limitation, that your use is for
the sole purpose of programming logic devices manufactured by
Intel and sold by Intel or its authorized distributors.  Please
refer to the applicable agreement for further details, at
https://fpgasoftware.intel.com/eula.



+-------------------------------------------------------------------------------------+
; Analysis & Synthesis Summary                                                        ;
+------------------------------------+------------------------------------------------+
; Analysis & Synthesis Status        ; Successful - Thu Jun  6 17:08:03 2024          ;
; Quartus Prime Version              ; 23.1std.0 Build 991 11/28/2023 SC Lite Edition ;
; Revision Name                      ; register                                       ;
; Top-level Entity Name              ; register                                       ;
; Family                             ; MAX 10                                         ;
; Total logic elements               ; 25                                             ;
;     Total combinational functions  ; 25                                             ;
;     Dedicated logic registers      ; 5                                              ;
; Total registers                    ; 5                                              ;
; Total pins                         ; 26                                             ;
; Total virtual pins                 ; 0                                              ;
; Total memory bits                  ; 0                                              ;
; Embedded Multiplier 9-bit elements ; 0                                              ;
; Total PLLs                         ; 0                                              ;
; UFM blocks                         ; 0                                              ;
; ADC blocks                         ; 0                                              ;
+------------------------------------+------------------------------------------------+


+------------------------------------------------------------------------------------------------------------+
; Analysis & Synthesis Settings                                                                              ;
+------------------------------------------------------------------+--------------------+--------------------+
; Option                                                           ; Setting            ; Default Value      ;
+------------------------------------------------------------------+--------------------+--------------------+
; Device                                                           ; 10M50DAF484C7G     ;                    ;
; Top-level entity name                                            ; register           ; register           ;
; Family name                                                      ; MAX 10             ; Cyclone V          ;
; Use smart compilation                                            ; Off                ; Off                ;
; Enable parallel Assembler and Timing Analyzer during compilation ; On                 ; On                 ;
; Enable compact report table                                      ; Off                ; Off                ;
; Restructure Multiplexers                                         ; Auto               ; Auto               ;
; Create Debugging Nodes for IP Cores                              ; Off                ; Off                ;
; Preserve fewer node names                                        ; On                 ; On                 ;
; Intel FPGA IP Evaluation Mode                                    ; Enable             ; Enable             ;
; Verilog Version                                                  ; Verilog_2001       ; Verilog_2001       ;
; VHDL Version                                                     ; VHDL_1993          ; VHDL_1993          ;
; State Machine Processing                                         ; Auto               ; Auto               ;
; Safe State Machine                                               ; Off                ; Off                ;
; Extract Verilog State Machines                                   ; On                 ; On                 ;
; Extract VHDL State Machines                                      ; On                 ; On                 ;
; Ignore Verilog initial constructs                                ; Off                ; Off                ;
; Iteration limit for constant Verilog loops                       ; 5000               ; 5000               ;
; Iteration limit for non-constant Verilog loops                   ; 250                ; 250                ;
; Add Pass-Through Logic to Inferred RAMs                          ; On                 ; On                 ;
; Infer RAMs from Raw Logic                                        ; On                 ; On                 ;
; Parallel Synthesis                                               ; On                 ; On                 ;
; DSP Block Balancing                                              ; Auto               ; Auto               ;
; NOT Gate Push-Back                                               ; On                 ; On                 ;
; Power-Up Don't Care                                              ; On                 ; On                 ;
; Remove Redundant Logic Cells                                     ; Off                ; Off                ;
; Remove Duplicate Registers                                       ; On                 ; On                 ;
; Ignore CARRY Buffers                                             ; Off                ; Off                ;
; Ignore CASCADE Buffers                                           ; Off                ; Off                ;
; Ignore GLOBAL Buffers                                            ; Off                ; Off                ;
; Ignore ROW GLOBAL Buffers                                        ; Off                ; Off                ;
; Ignore LCELL Buffers                                             ; Off                ; Off                ;
; Ignore SOFT Buffers                                              ; On                 ; On                 ;
; Limit AHDL Integers to 32 Bits                                   ; Off                ; Off                ;
; Optimization Technique                                           ; Balanced           ; Balanced           ;
; Carry Chain Length                                               ; 70                 ; 70                 ;
; Auto Carry Chains                                                ; On                 ; On                 ;
; Auto Open-Drain Pins                                             ; On                 ; On                 ;
; Perform WYSIWYG Primitive Resynthesis                            ; Off                ; Off                ;
; Auto ROM Replacement                                             ; On                 ; On                 ;
; Auto RAM Replacement                                             ; On                 ; On                 ;
; Auto DSP Block Replacement                                       ; On                 ; On                 ;
; Auto Shift Register Replacement                                  ; Auto               ; Auto               ;
; Allow Shift Register Merging across Hierarchies                  ; Auto               ; Auto               ;
; Auto Clock Enable Replacement                                    ; On                 ; On                 ;
; Strict RAM Replacement                                           ; Off                ; Off                ;
; Allow Synchronous Control Signals                                ; On                 ; On                 ;
; Force Use of Synchronous Clear Signals                           ; Off                ; Off                ;
; Auto RAM Block Balancing                                         ; On                 ; On                 ;
; Auto RAM to Logic Cell Conversion                                ; Off                ; Off                ;
; Auto Resource Sharing                                            ; Off                ; Off                ;
; Allow Any RAM Size For Recognition                               ; Off                ; Off                ;
; Allow Any ROM Size For Recognition                               ; Off                ; Off                ;
; Allow Any Shift Register Size For Recognition                    ; Off                ; Off                ;
; Use LogicLock Constraints during Resource Balancing              ; On                 ; On                 ;
; Ignore translate_off and synthesis_off directives                ; Off                ; Off                ;
; Timing-Driven Synthesis                                          ; On                 ; On                 ;
; Report Parameter Settings                                        ; On                 ; On                 ;
; Report Source Assignments                                        ; On                 ; On                 ;
; Report Connectivity Checks                                       ; On                 ; On                 ;
; Ignore Maximum Fan-Out Assignments                               ; Off                ; Off                ;
; Synchronization Register Chain Length                            ; 2                  ; 2                  ;
; Power Optimization During Synthesis                              ; Normal compilation ; Normal compilation ;
; HDL message level                                                ; Level2             ; Level2             ;
; Suppress Register Optimization Related Messages                  ; Off                ; Off                ;
; Number of Removed Registers Reported in Synthesis Report         ; 5000               ; 5000               ;
; Number of Swept Nodes Reported in Synthesis Report               ; 5000               ; 5000               ;
; Number of Inverted Registers Reported in Synthesis Report        ; 100                ; 100                ;
; Clock MUX Protection                                             ; On                 ; On                 ;
; Auto Gated Clock Conversion                                      ; Off                ; Off                ;
; Block Design Naming                                              ; Auto               ; Auto               ;
; SDC constraint protection                                        ; Off                ; Off                ;
; Synthesis Effort                                                 ; Auto               ; Auto               ;
; Shift Register Replacement - Allow Asynchronous Clear Signal     ; On                 ; On                 ;
; Pre-Mapping Resynthesis Optimization                             ; Off                ; Off                ;
; Analysis & Synthesis Message Level                               ; Medium             ; Medium             ;
; Disable Register Merging Across Hierarchies                      ; Auto               ; Auto               ;
; Resource Aware Inference For Block RAM                           ; On                 ; On                 ;
+------------------------------------------------------------------+--------------------+--------------------+


+------------------------------------------+
; Parallel Compilation                     ;
+----------------------------+-------------+
; Processors                 ; Number      ;
+----------------------------+-------------+
; Number detected on machine ; 16          ;
; Maximum allowed            ; 16          ;
;                            ;             ;
; Average used               ; 1.00        ;
; Maximum used               ; 16          ;
;                            ;             ;
; Usage by Processor         ; % Time Used ;
;     Processor 1            ; 100.0%      ;
;     Processors 2-16        ;   0.0%      ;
+----------------------------+-------------+


+------------------------------------------------------------------------------------------------------------------------------------------------------------------------------------------------------------------------------------------------------------------------+
; Analysis & Synthesis Source Files Read                                                                                                                                                                                                                                 ;
+-------------------------------------------------------------------------------------------+-----------------+------------------------+-----------------------------------------------------------------------------------------------------------------------+---------+
; File Name with User-Entered Path                                                          ; Used in Netlist ; File Type              ; File Name with Absolute Path                                                                                          ; Library ;
+-------------------------------------------------------------------------------------------+-----------------+------------------------+-----------------------------------------------------------------------------------------------------------------------+---------+
; ../../6G IIT Hyderabad/WiSig/RTL training/register/register.srcs/sources_1/new/register.v ; yes             ; User Verilog HDL File  ; C:/Users/shrsk/OneDrive/Documents/6G IIT Hyderabad/WiSig/RTL training/register/register.srcs/sources_1/new/register.v ;         ;
+-------------------------------------------------------------------------------------------+-----------------+------------------------+-----------------------------------------------------------------------------------------------------------------------+---------+


+------------------------------------------------------+
; Analysis & Synthesis Resource Usage Summary          ;
+---------------------------------------------+--------+
; Resource                                    ; Usage  ;
+---------------------------------------------+--------+
; Estimated Total logic elements              ; 25     ;
;                                             ;        ;
; Total combinational functions               ; 25     ;
; Logic element usage by number of LUT inputs ;        ;
;     -- 4 input functions                    ; 1      ;
;     -- 3 input functions                    ; 21     ;
;     -- <=2 input functions                  ; 3      ;
;                                             ;        ;
; Logic elements by mode                      ;        ;
;     -- normal mode                          ; 25     ;
;     -- arithmetic mode                      ; 0      ;
;                                             ;        ;
; Total registers                             ; 5      ;
;     -- Dedicated logic registers            ; 5      ;
;     -- I/O registers                        ; 0      ;
;                                             ;        ;
; I/O pins                                    ; 26     ;
;                                             ;        ;
; Embedded Multiplier 9-bit elements          ; 0      ;
;                                             ;        ;
; Maximum fan-out node                        ; x[7]~0 ;
; Maximum fan-out                             ; 8      ;
; Total fan-out                               ; 124    ;
; Average fan-out                             ; 1.51   ;
+---------------------------------------------+--------+


+------------------------------------------------------------------------------------------------------------------------------------------------------------------------------------------------------------------------------------+
; Analysis & Synthesis Resource Utilization by Entity                                                                                                                                                                                ;
+----------------------------+---------------------+---------------------------+-------------+------------+--------------+---------+-----------+------+--------------+------------+---------------------+-------------+--------------+
; Compilation Hierarchy Node ; Combinational ALUTs ; Dedicated Logic Registers ; Memory Bits ; UFM Blocks ; DSP Elements ; DSP 9x9 ; DSP 18x18 ; Pins ; Virtual Pins ; ADC blocks ; Full Hierarchy Name ; Entity Name ; Library Name ;
+----------------------------+---------------------+---------------------------+-------------+------------+--------------+---------+-----------+------+--------------+------------+---------------------+-------------+--------------+
; |register                  ; 25 (25)             ; 5 (5)                     ; 0           ; 0          ; 0            ; 0       ; 0         ; 26   ; 0            ; 0          ; |register           ;             ;              ;
+----------------------------+---------------------+---------------------------+-------------+------------+--------------+---------+-----------+------+--------------+------------+---------------------+-------------+--------------+
Note: For table entries with two numbers listed, the numbers in parentheses indicate the number of resources of the given type used by the specific entity alone. The numbers listed outside of parentheses indicate the total resources of the given type used by the specific entity and all of its sub-entities in the hierarchy.


Encoding Type:  One-Hot
+------------------------------------------------------+
; State Machine - |register|state                      ;
+----------+----------+----------+----------+----------+
; Name     ; state.s3 ; state.s2 ; state.s1 ; state.s0 ;
+----------+----------+----------+----------+----------+
; state.s0 ; 0        ; 0        ; 0        ; 0        ;
; state.s1 ; 0        ; 0        ; 1        ; 1        ;
; state.s2 ; 0        ; 1        ; 0        ; 1        ;
; state.s3 ; 1        ; 0        ; 0        ; 1        ;
+----------+----------+----------+----------+----------+


+----------------------------------------------------------------------------------------------------+
; User-Specified and Inferred Latches                                                                ;
+-----------------------------------------------------+---------------------+------------------------+
; Latch Name                                          ; Latch Enable Signal ; Free of Timing Hazards ;
+-----------------------------------------------------+---------------------+------------------------+
; x[0]                                                ; x[7]                ; yes                    ;
; x[1]                                                ; x[7]                ; yes                    ;
; x[2]                                                ; x[7]                ; yes                    ;
; x[3]                                                ; x[7]                ; yes                    ;
; x[4]                                                ; x[7]                ; yes                    ;
; x[5]                                                ; x[7]                ; yes                    ;
; x[6]                                                ; x[7]                ; yes                    ;
; x[7]                                                ; x[7]                ; yes                    ;
; register[0]                                         ; register[0]         ; yes                    ;
; register[1]                                         ; register[0]         ; yes                    ;
; register[2]                                         ; register[0]         ; yes                    ;
; register[3]                                         ; register[0]         ; yes                    ;
; register[4]                                         ; register[0]         ; yes                    ;
; register[5]                                         ; register[0]         ; yes                    ;
; register[6]                                         ; register[0]         ; yes                    ;
; register[7]                                         ; register[0]         ; yes                    ;
; n_state.s2_259                                      ; Selector3           ; yes                    ;
; n_state.s3_249                                      ; Selector3           ; yes                    ;
; n_state.s1_269                                      ; Selector3           ; yes                    ;
; n_state.s0_279                                      ; Selector3           ; yes                    ;
; Number of user-specified and inferred latches = 20  ;                     ;                        ;
+-----------------------------------------------------+---------------------+------------------------+
Note: All latches listed above may not be present at the end of synthesis due to various synthesis optimizations.


+------------------------------------------------------------+
; Registers Removed During Synthesis                         ;
+---------------------------------------+--------------------+
; Register name                         ; Reason for Removal ;
+---------------------------------------+--------------------+
; state~4                               ; Lost fanout        ;
; state~5                               ; Lost fanout        ;
; Total Number of Removed Registers = 2 ;                    ;
+---------------------------------------+--------------------+


+------------------------------------------------------+
; General Register Statistics                          ;
+----------------------------------------------+-------+
; Statistic                                    ; Value ;
+----------------------------------------------+-------+
; Total registers                              ; 5     ;
; Number of registers using Synchronous Clear  ; 0     ;
; Number of registers using Synchronous Load   ; 0     ;
; Number of registers using Asynchronous Clear ; 5     ;
; Number of registers using Asynchronous Load  ; 0     ;
; Number of registers using Clock Enable       ; 0     ;
; Number of registers using Preset             ; 0     ;
+----------------------------------------------+-------+


+--------------------------------------------------+
; Inverted Register Statistics                     ;
+----------------------------------------+---------+
; Inverted Register                      ; Fan out ;
+----------------------------------------+---------+
; nready                                 ; 1       ;
; Total number of inverted registers = 1 ;         ;
+----------------------------------------+---------+


+--------------------------------------------------------------------------+
; Parameter Settings for User Entity Instance: Top-level Entity: |register ;
+----------------+-------+-------------------------------------------------+
; Parameter Name ; Value ; Type                                            ;
+----------------+-------+-------------------------------------------------+
; data_width     ; 8     ; Signed Integer                                  ;
; frac_width     ; 6     ; Signed Integer                                  ;
; int_width      ; 2     ; Signed Integer                                  ;
+----------------+-------+-------------------------------------------------+
Note: In order to hide this table in the UI and the text report file, please set the "Show Parameter Settings in Synthesis Report" option in "Analysis and Synthesis Settings -> More Settings" to "Off".


+-----------------------------------------------------+
; Post-Synthesis Netlist Statistics for Top Partition ;
+-----------------------+-----------------------------+
; Type                  ; Count                       ;
+-----------------------+-----------------------------+
; boundary_port         ; 26                          ;
; cycloneiii_ff         ; 5                           ;
;     CLR               ; 5                           ;
; cycloneiii_lcell_comb ; 26                          ;
;     normal            ; 26                          ;
;         1 data inputs ; 3                           ;
;         2 data inputs ; 1                           ;
;         3 data inputs ; 21                          ;
;         4 data inputs ; 1                           ;
;                       ;                             ;
; Max LUT depth         ; 2.00                        ;
; Average LUT depth     ; 1.43                        ;
+-----------------------+-----------------------------+


+-------------------------------+
; Elapsed Time Per Partition    ;
+----------------+--------------+
; Partition Name ; Elapsed Time ;
+----------------+--------------+
; Top            ; 00:00:00     ;
+----------------+--------------+


+-------------------------------+
; Analysis & Synthesis Messages ;
+-------------------------------+
Info: *******************************************************************
Info: Running Quartus Prime Analysis & Synthesis
    Info: Version 23.1std.0 Build 991 11/28/2023 SC Lite Edition
    Info: Processing started: Thu Jun  6 17:07:55 2024
Info: Command: quartus_map --read_settings_files=on --write_settings_files=off register -c register
Warning (18236): Number of processors has not been specified which may cause overloading on shared machines.  Set the global assignment NUM_PARALLEL_PROCESSORS in your QSF to an appropriate value for best performance.
Info (20030): Parallel compilation is enabled and will use 16 of the 16 processors detected
Info (12021): Found 1 design units, including 1 entities, in source file /users/shrsk/onedrive/documents/6g iit hyderabad/wisig/rtl training/register/register.srcs/sources_1/new/testbench.v
    Info (12023): Found entity 1: testbench File: C:/Users/shrsk/OneDrive/Documents/6G IIT Hyderabad/WiSig/RTL training/register/register.srcs/sources_1/new/testbench.v Line: 24
Info (12021): Found 1 design units, including 1 entities, in source file /users/shrsk/onedrive/documents/6g iit hyderabad/wisig/rtl training/register/register.srcs/sources_1/new/register.v
    Info (12023): Found entity 1: register File: C:/Users/shrsk/OneDrive/Documents/6G IIT Hyderabad/WiSig/RTL training/register/register.srcs/sources_1/new/register.v Line: 23
Info (12127): Elaborating entity "register" for the top level hierarchy
Warning (10240): Verilog HDL Always Construct warning at register.v(64): inferring latch(es) for variable "n_state", which holds its previous value in one or more paths through the always construct File: C:/Users/shrsk/OneDrive/Documents/6G IIT Hyderabad/WiSig/RTL training/register/register.srcs/sources_1/new/register.v Line: 64
Warning (10240): Verilog HDL Always Construct warning at register.v(64): inferring latch(es) for variable "register", which holds its previous value in one or more paths through the always construct File: C:/Users/shrsk/OneDrive/Documents/6G IIT Hyderabad/WiSig/RTL training/register/register.srcs/sources_1/new/register.v Line: 64
Warning (10240): Verilog HDL Always Construct warning at register.v(64): inferring latch(es) for variable "x", which holds its previous value in one or more paths through the always construct File: C:/Users/shrsk/OneDrive/Documents/6G IIT Hyderabad/WiSig/RTL training/register/register.srcs/sources_1/new/register.v Line: 64
Info (10041): Inferred latch for "x[0]" at register.v(64) File: C:/Users/shrsk/OneDrive/Documents/6G IIT Hyderabad/WiSig/RTL training/register/register.srcs/sources_1/new/register.v Line: 64
Info (10041): Inferred latch for "x[1]" at register.v(64) File: C:/Users/shrsk/OneDrive/Documents/6G IIT Hyderabad/WiSig/RTL training/register/register.srcs/sources_1/new/register.v Line: 64
Info (10041): Inferred latch for "x[2]" at register.v(64) File: C:/Users/shrsk/OneDrive/Documents/6G IIT Hyderabad/WiSig/RTL training/register/register.srcs/sources_1/new/register.v Line: 64
Info (10041): Inferred latch for "x[3]" at register.v(64) File: C:/Users/shrsk/OneDrive/Documents/6G IIT Hyderabad/WiSig/RTL training/register/register.srcs/sources_1/new/register.v Line: 64
Info (10041): Inferred latch for "x[4]" at register.v(64) File: C:/Users/shrsk/OneDrive/Documents/6G IIT Hyderabad/WiSig/RTL training/register/register.srcs/sources_1/new/register.v Line: 64
Info (10041): Inferred latch for "x[5]" at register.v(64) File: C:/Users/shrsk/OneDrive/Documents/6G IIT Hyderabad/WiSig/RTL training/register/register.srcs/sources_1/new/register.v Line: 64
Info (10041): Inferred latch for "x[6]" at register.v(64) File: C:/Users/shrsk/OneDrive/Documents/6G IIT Hyderabad/WiSig/RTL training/register/register.srcs/sources_1/new/register.v Line: 64
Info (10041): Inferred latch for "x[7]" at register.v(64) File: C:/Users/shrsk/OneDrive/Documents/6G IIT Hyderabad/WiSig/RTL training/register/register.srcs/sources_1/new/register.v Line: 64
Info (10041): Inferred latch for "register[0]" at register.v(64) File: C:/Users/shrsk/OneDrive/Documents/6G IIT Hyderabad/WiSig/RTL training/register/register.srcs/sources_1/new/register.v Line: 64
Info (10041): Inferred latch for "register[1]" at register.v(64) File: C:/Users/shrsk/OneDrive/Documents/6G IIT Hyderabad/WiSig/RTL training/register/register.srcs/sources_1/new/register.v Line: 64
Info (10041): Inferred latch for "register[2]" at register.v(64) File: C:/Users/shrsk/OneDrive/Documents/6G IIT Hyderabad/WiSig/RTL training/register/register.srcs/sources_1/new/register.v Line: 64
Info (10041): Inferred latch for "register[3]" at register.v(64) File: C:/Users/shrsk/OneDrive/Documents/6G IIT Hyderabad/WiSig/RTL training/register/register.srcs/sources_1/new/register.v Line: 64
Info (10041): Inferred latch for "register[4]" at register.v(64) File: C:/Users/shrsk/OneDrive/Documents/6G IIT Hyderabad/WiSig/RTL training/register/register.srcs/sources_1/new/register.v Line: 64
Info (10041): Inferred latch for "register[5]" at register.v(64) File: C:/Users/shrsk/OneDrive/Documents/6G IIT Hyderabad/WiSig/RTL training/register/register.srcs/sources_1/new/register.v Line: 64
Info (10041): Inferred latch for "register[6]" at register.v(64) File: C:/Users/shrsk/OneDrive/Documents/6G IIT Hyderabad/WiSig/RTL training/register/register.srcs/sources_1/new/register.v Line: 64
Info (10041): Inferred latch for "register[7]" at register.v(64) File: C:/Users/shrsk/OneDrive/Documents/6G IIT Hyderabad/WiSig/RTL training/register/register.srcs/sources_1/new/register.v Line: 64
Info (10041): Inferred latch for "n_state.s3" at register.v(64) File: C:/Users/shrsk/OneDrive/Documents/6G IIT Hyderabad/WiSig/RTL training/register/register.srcs/sources_1/new/register.v Line: 64
Info (10041): Inferred latch for "n_state.s2" at register.v(64) File: C:/Users/shrsk/OneDrive/Documents/6G IIT Hyderabad/WiSig/RTL training/register/register.srcs/sources_1/new/register.v Line: 64
Info (10041): Inferred latch for "n_state.s1" at register.v(64) File: C:/Users/shrsk/OneDrive/Documents/6G IIT Hyderabad/WiSig/RTL training/register/register.srcs/sources_1/new/register.v Line: 64
Info (10041): Inferred latch for "n_state.s0" at register.v(64) File: C:/Users/shrsk/OneDrive/Documents/6G IIT Hyderabad/WiSig/RTL training/register/register.srcs/sources_1/new/register.v Line: 64
Warning (13012): Latch n_state.s3_249 has unsafe behavior File: C:/Users/shrsk/OneDrive/Documents/6G IIT Hyderabad/WiSig/RTL training/register/register.srcs/sources_1/new/register.v Line: 64
    Warning (13013): Ports D and ENA on the latch are fed by the same signal state.s2 File: C:/Users/shrsk/OneDrive/Documents/6G IIT Hyderabad/WiSig/RTL training/register/register.srcs/sources_1/new/register.v Line: 50
Warning (13012): Latch n_state.s1_269 has unsafe behavior File: C:/Users/shrsk/OneDrive/Documents/6G IIT Hyderabad/WiSig/RTL training/register/register.srcs/sources_1/new/register.v Line: 64
    Warning (13013): Ports D and ENA on the latch are fed by the same signal state.s0 File: C:/Users/shrsk/OneDrive/Documents/6G IIT Hyderabad/WiSig/RTL training/register/register.srcs/sources_1/new/register.v Line: 50
Info (13000): Registers with preset signals will power-up high File: C:/Users/shrsk/OneDrive/Documents/6G IIT Hyderabad/WiSig/RTL training/register/register.srcs/sources_1/new/register.v Line: 58
Info (13003): DEV_CLRn pin will set, and not reset, register with preset signal due to NOT Gate Push-Back
Info (286030): Timing-Driven Synthesis is running
Info (17049): 2 registers lost all their fanouts during netlist optimizations.
Info (16010): Generating hard_block partition "hard_block:auto_generated_inst"
    Info (16011): Adding 0 node(s), including 0 DDIO, 0 PLL, 0 transceiver and 0 LCELL
Info (21057): Implemented 54 device resources after synthesis - the final resource count might be different
    Info (21058): Implemented 14 input pins
    Info (21059): Implemented 12 output pins
    Info (21061): Implemented 28 logic cells
Info: Quartus Prime Analysis & Synthesis was successful. 0 errors, 8 warnings
    Info: Peak virtual memory: 4845 megabytes
    Info: Processing ended: Thu Jun  6 17:08:03 2024
    Info: Elapsed time: 00:00:08
    Info: Total CPU time (on all processors): 00:00:09


